# JRE version: OpenJDK Runtime Environment (11.0.1+13) (build 11.0.1+13)
# Java VM: OpenJDK 64-Bit Server VM (11.0.1+13, mixed mode, tiered, compressed oops, g1 gc, windows-amd64)
Heap:
 garbage-first heap   total 196608K, used 118678K [0x0000000740c00000, 0x0000000800000000)
  region size 1024K, 108 young (110592K), 6 survivors (6144K)
 Metaspace       used 34688K, capacity 35831K, committed 35920K, reserved 1081344K
  class space    used 4428K, capacity 4859K, committed 4864K, reserved 1048576K
GC Heap History (10 events):
Event: 3.308 GC heap after
{Heap after GC invocations=2 (full 0):
 garbage-first heap   total 196608K, used 7820K [0x0000000740c00000, 0x0000000800000000)
  region size 1024K, 1 young (1024K), 1 survivors (1024K)
 Metaspace       used 12520K, capacity 12832K, committed 12928K, reserved 1060864K
  class space    used 1285K, capacity 1404K, committed 1408K, reserved 1048576K
}
Event: 3.889 GC heap before
{Heap before GC invocations=2 (full 0):
 garbage-first heap   total 196608K, used 31372K [0x0000000740c00000, 0x0000000800000000)
  region size 1024K, 25 young (25600K), 1 survivors (1024K)
 Metaspace       used 17053K, capacity 17582K, committed 17792K, reserved 1064960K
  class space    used 1865K, capacity 2070K, committed 2176K, reserved 1048576K
}
Event: 3.894 GC heap after
{Heap after GC invocations=3 (full 0):
 garbage-first heap   total 196608K, used 9357K [0x0000000740c00000, 0x0000000800000000)
  region size 1024K, 3 young (3072K), 3 survivors (3072K)
 Metaspace       used 17053K, capacity 17582K, committed 17792K, reserved 1064960K
  class space    used 1865K, capacity 2070K, committed 2176K, reserved 1048576K
}
Event: 4.405 GC heap before
{Heap before GC invocations=3 (full 0):
 garbage-first heap   total 196608K, used 31885K [0x0000000740c00000, 0x0000000800000000)
  region size 1024K, 27 young (27648K), 3 survivors (3072K)
 Metaspace       used 20555K, capacity 21138K, committed 21296K, reserved 1069056K
  class space    used 2366K, capacity 2620K, committed 2688K, reserved 1048576K
}
Event: 4.417 GC heap after
{Heap after GC invocations=4 (full 0):
 garbage-first heap   total 196608K, used 10368K [0x0000000740c00000, 0x0000000800000000)
  region size 1024K, 4 young (4096K), 4 survivors (4096K)
 Metaspace       used 20555K, capacity 21138K, committed 21296K, reserved 1069056K
  class space    used 2366K, capacity 2620K, committed 2688K, reserved 1048576K
}
Event: 4.894 GC heap before
{Heap before GC invocations=5 (full 0):
 garbage-first heap   total 196608K, used 51328K [0x0000000740c00000, 0x0000000800000000)
  region size 1024K, 45 young (46080K), 4 survivors (4096K)
 Metaspace       used 24154K, capacity 24889K, committed 25008K, reserved 1071104K
  class space    used 2970K, capacity 3265K, committed 3328K, reserved 1048576K
}
Event: 4.902 GC heap after
{Heap after GC invocations=6 (full 0):
 garbage-first heap   total 196608K, used 11830K [0x0000000740c00000, 0x0000000800000000)
  region size 1024K, 4 young (4096K), 4 survivors (4096K)
 Metaspace       used 24154K, capacity 24889K, committed 25008K, reserved 1071104K
  class space    used 2970K, capacity 3265K, committed 3328K, reserved 1048576K
}
Event: 6.346 GC heap before
{Heap before GC invocations=6 (full 0):
 garbage-first heap   total 196608K, used 101942K [0x0000000740c00000, 0x0000000800000000)
  region size 1024K, 94 young (96256K), 4 survivors (4096K)
 Metaspace       used 27545K, capacity 28462K, committed 28592K, reserved 1075200K
  class space    used 3392K, capacity 3763K, committed 3840K, reserved 1048576K
}
Event: 6.356 GC heap after
{Heap after GC invocations=7 (full 0):
 garbage-first heap   total 196608K, used 14230K [0x0000000740c00000, 0x0000000800000000)
  region size 1024K, 7 young (7168K), 7 survivors (7168K)
 Metaspace       used 27545K, capacity 28462K, committed 28592K, reserved 1075200K
  class space    used 3392K, capacity 3763K, committed 3840K, reserved 1048576K
}
Event: 8.496 GC heap before
{Heap before GC invocations=7 (full 0):
 garbage-first heap   total 196608K, used 116630K [0x0000000740c00000, 0x0000000800000000)
  region size 1024K, 109 young (111616K), 7 survivors (7168K)
 Metaspace       used 34688K, capacity 35831K, committed 35920K, reserved 1081344K
  class space    used 4428K, capacity 4859K, committed 4864K, reserved 1048576K
}

