# JRE version: OpenJDK Runtime Environment (11.0.1+13) (build 11.0.1+13)
# Java VM: OpenJDK 64-Bit Server VM (11.0.1+13, mixed mode, tiered, compressed oops, g1 gc, windows-amd64)
Heap:
 garbage-first heap   total 236544K, used 150835K [0x0000000740c00000, 0x0000000800000000)
  region size 1024K, 142 young (145408K), 13 survivors (13312K)
 Metaspace       used 49630K, capacity 51113K, committed 51324K, reserved 1093632K
  class space    used 6432K, capacity 7005K, committed 7116K, reserved 1048576K
GC Heap History (10 events):
Event: 3.118 GC heap after
{Heap after GC invocations=3 (full 0):
 garbage-first heap   total 196608K, used 9989K [0x0000000740c00000, 0x0000000800000000)
  region size 1024K, 3 young (3072K), 3 survivors (3072K)
 Metaspace       used 17975K, capacity 18492K, committed 18816K, reserved 1064960K
  class space    used 2071K, capacity 2305K, committed 2432K, reserved 1048576K
}
Event: 3.328 GC heap before
{Heap before GC invocations=3 (full 0):
 garbage-first heap   total 196608K, used 27397K [0x0000000740c00000, 0x0000000800000000)
  region size 1024K, 22 young (22528K), 3 survivors (3072K)
 Metaspace       used 20594K, capacity 21134K, committed 21296K, reserved 1069056K
  class space    used 2406K, capacity 2628K, committed 2688K, reserved 1048576K
}
Event: 3.336 GC heap after
{Heap after GC invocations=4 (full 0):
 garbage-first heap   total 196608K, used 10528K [0x0000000740c00000, 0x0000000800000000)
  region size 1024K, 4 young (4096K), 4 survivors (4096K)
 Metaspace       used 20594K, capacity 21134K, committed 21296K, reserved 1069056K
  class space    used 2406K, capacity 2628K, committed 2688K, reserved 1048576K
}
Event: 4.505 GC heap before
{Heap before GC invocations=5 (full 0):
 garbage-first heap   total 196608K, used 103712K [0x0000000740c00000, 0x0000000800000000)
  region size 1024K, 96 young (98304K), 4 survivors (4096K)
 Metaspace       used 26988K, capacity 27899K, committed 28028K, reserved 1073152K
  class space    used 3361K, capacity 3731K, committed 3788K, reserved 1048576K
}
Event: 4.517 GC heap after
{Heap after GC invocations=6 (full 0):
 garbage-first heap   total 196608K, used 14199K [0x0000000740c00000, 0x0000000800000000)
  region size 1024K, 7 young (7168K), 7 survivors (7168K)
 Metaspace       used 26988K, capacity 27899K, committed 28028K, reserved 1073152K
  class space    used 3361K, capacity 3731K, committed 3788K, reserved 1048576K
}
Event: 6.136 GC heap before
{Heap before GC invocations=6 (full 0):
 garbage-first heap   total 196608K, used 123767K [0x0000000740c00000, 0x0000000800000000)
  region size 1024K, 115 young (117760K), 7 survivors (7168K)
 Metaspace       used 32753K, capacity 33858K, committed 34044K, reserved 1079296K
  class space    used 4194K, capacity 4646K, committed 4684K, reserved 1048576K
}
Event: 6.151 GC heap after
{Heap after GC invocations=7 (full 0):
 garbage-first heap   total 196608K, used 17121K [0x0000000740c00000, 0x0000000800000000)
  region size 1024K, 10 young (10240K), 10 survivors (10240K)
 Metaspace       used 32753K, capacity 33858K, committed 34044K, reserved 1079296K
  class space    used 4194K, capacity 4646K, committed 4684K, reserved 1048576K
}
Event: 6.515 GC heap before
{Heap before GC invocations=7 (full 0):
 garbage-first heap   total 196608K, used 36577K [0x0000000740c00000, 0x0000000800000000)
  region size 1024K, 30 young (30720K), 10 survivors (10240K)
 Metaspace       used 34684K, capacity 35987K, committed 36048K, reserved 1081344K
  class space    used 4516K, capacity 5007K, committed 5068K, reserved 1048576K
}
Event: 6.540 GC heap after
{Heap after GC invocations=8 (full 0):
 garbage-first heap   total 236544K, used 18739K [0x0000000740c00000, 0x0000000800000000)
  region size 1024K, 9 young (9216K), 9 survivors (9216K)
 Metaspace       used 34684K, capacity 35987K, committed 36048K, reserved 1081344K
  class space    used 4516K, capacity 5007K, committed 5068K, reserved 1048576K
}
Event: 8.488 GC heap before
{Heap before GC invocations=9 (full 0):
 garbage-first heap   total 236544K, used 149811K [0x0000000740c00000, 0x0000000800000000)
  region size 1024K, 138 young (141312K), 9 survivors (9216K)
 Metaspace       used 49630K, capacity 51113K, committed 51324K, reserved 1093632K
  class space    used 6432K, capacity 7005K, committed 7116K, reserved 1048576K
}

