# JRE version: OpenJDK Runtime Environment (11.0.1+13) (build 11.0.1+13)
# Java VM: OpenJDK 64-Bit Server VM (11.0.1+13, mixed mode, tiered, compressed oops, g1 gc, windows-amd64)
Heap:
 garbage-first heap   total 236544K, used 97280K [0x0000000740c00000, 0x0000000800000000)
  region size 1024K, 74 young (75776K), 12 survivors (12288K)
 Metaspace       used 68970K, capacity 70996K, committed 71120K, reserved 1110016K
  class space    used 9145K, capacity 9920K, committed 9936K, reserved 1048576K
GC Heap History (10 events):
Event: 4.542 GC heap before
{Heap before GC invocations=6 (full 0):
 garbage-first heap   total 196608K, used 123547K [0x0000000740c00000, 0x0000000800000000)
  region size 1024K, 115 young (117760K), 5 survivors (5120K)
 Metaspace       used 28570K, capacity 29508K, committed 29696K, reserved 1075200K
  class space    used 3590K, capacity 3969K, committed 4096K, reserved 1048576K
}
Event: 4.554 GC heap after
{Heap after GC invocations=7 (full 0):
 garbage-first heap   total 196608K, used 15169K [0x0000000740c00000, 0x0000000800000000)
  region size 1024K, 8 young (8192K), 8 survivors (8192K)
 Metaspace       used 28570K, capacity 29508K, committed 29696K, reserved 1075200K
  class space    used 3590K, capacity 3969K, committed 4096K, reserved 1048576K
}
Event: 5.656 GC heap before
{Heap before GC invocations=7 (full 0):
 garbage-first heap   total 196608K, used 92993K [0x0000000740c00000, 0x0000000800000000)
  region size 1024K, 85 young (87040K), 8 survivors (8192K)
 Metaspace       used 34743K, capacity 35984K, committed 36048K, reserved 1081344K
  class space    used 4541K, capacity 5028K, committed 5072K, reserved 1048576K
}
Event: 5.681 GC heap after
{Heap after GC invocations=8 (full 0):
 garbage-first heap   total 236544K, used 18643K [0x0000000740c00000, 0x0000000800000000)
  region size 1024K, 11 young (11264K), 11 survivors (11264K)
 Metaspace       used 34743K, capacity 35984K, committed 36048K, reserved 1081344K
  class space    used 4541K, capacity 5028K, committed 5072K, reserved 1048576K
}
Event: 7.203 GC heap before
{Heap before GC invocations=9 (full 0):
 garbage-first heap   total 236544K, used 147667K [0x0000000740c00000, 0x0000000800000000)
  region size 1024K, 138 young (141312K), 11 survivors (11264K)
 Metaspace       used 49602K, capacity 51054K, committed 51408K, reserved 1093632K
  class space    used 6431K, capacity 7006K, committed 7120K, reserved 1048576K
}
Event: 7.227 GC heap after
{Heap after GC invocations=10 (full 0):
 garbage-first heap   total 236544K, used 24276K [0x0000000740c00000, 0x0000000800000000)
  region size 1024K, 15 young (15360K), 15 survivors (15360K)
 Metaspace       used 49602K, capacity 51054K, committed 51408K, reserved 1093632K
  class space    used 6431K, capacity 7006K, committed 7120K, reserved 1048576K
}
Event: 9.345 GC heap before
{Heap before GC invocations=10 (full 0):
 garbage-first heap   total 236544K, used 137940K [0x0000000740c00000, 0x0000000800000000)
  region size 1024K, 127 young (130048K), 15 survivors (15360K)
 Metaspace       used 58802K, capacity 60436K, committed 60508K, reserved 1101824K
  class space    used 7743K, capacity 8400K, committed 8400K, reserved 1048576K
}
Event: 9.390 GC heap after
{Heap after GC invocations=11 (full 0):
 garbage-first heap   total 236544K, used 29328K [0x0000000740c00000, 0x0000000800000000)
  region size 1024K, 12 young (12288K), 12 survivors (12288K)
 Metaspace       used 58802K, capacity 60436K, committed 60508K, reserved 1101824K
  class space    used 7743K, capacity 8400K, committed 8400K, reserved 1048576K
}
Event: 11.930 GC heap before
{Heap before GC invocations=12 (full 0):
 garbage-first heap   total 236544K, used 158352K [0x0000000740c00000, 0x0000000800000000)
  region size 1024K, 138 young (141312K), 12 survivors (12288K)
 Metaspace       used 65098K, capacity 67084K, committed 67280K, reserved 1107968K
  class space    used 8583K, capacity 9339K, committed 9424K, reserved 1048576K
}
Event: 11.960 GC heap after
{Heap after GC invocations=13 (full 0):
 garbage-first heap   total 236544K, used 34816K [0x0000000740c00000, 0x0000000800000000)
  region size 1024K, 12 young (12288K), 12 survivors (12288K)
 Metaspace       used 65098K, capacity 67084K, committed 67280K, reserved 1107968K
  class space    used 8583K, capacity 9339K, committed 9424K, reserved 1048576K
}

